2022-05-26 11:44:32.472207    INFO - Onvif - initializing...
2022-05-26 11:44:32.506272  FINEST -  Soap - URI: http://192.168.1.182/onvif/device_service
2022-05-26 11:44:32.511095  FINEST -  Soap - REQUEST:
<?xml version="1.0" encoding="UTF-8"?><Envelope xmlns="http://www.w3.org/2003/05/soap-envelope"><Header/><Body xmlns:xsi="http://www.w3.org/2001/XMLSchema-instance" xmlns:xsd="http://www.w3.org/2001/XMLSchema"><GetSystemDateAndTime xmlns="http://www.onvif.org/ver10/device/wsdl"/></Body></Envelope>
2022-05-26 11:44:32.829568  FINEST -  Soap - RESPONSE:
<?xml version="1.0" encoding="UTF-8"?>
<env:Envelope xmlns:env="http://www.w3.org/2003/05/soap-envelope" xmlns:soapenc="http://www.w3.org/2003/05/soap-encoding" xmlns:xsi="http://www.w3.org/2001/XMLSchema-instance" xmlns:xs="http://www.w3.org/2001/XMLSchema" xmlns:tt="http://www.onvif.org/ver10/schema" xmlns:tds="http://www.onvif.org/ver10/device/wsdl" xmlns:trt="http://www.onvif.org/ver10/media/wsdl" xmlns:timg="http://www.onvif.org/ver20/imaging/wsdl" xmlns:tev="http://www.onvif.org/ver10/events/wsdl" xmlns:tptz="http://www.onvif.org/ver20/ptz/wsdl" xmlns:tan="http://www.onvif.org/ver20/analytics/wsdl" xmlns:tst="http://www.onvif.org/ver10/storage/wsdl" xmlns:ter="http://www.onvif.org/ver10/error" xmlns:dn="http://www.onvif.org/ver10/network/wsdl" xmlns:tns1="http://www.onvif.org/ver10/topics" xmlns:tmd="http://www.onvif.org/ver10/deviceIO/wsdl" xmlns:wsdl="http://schemas.xmlsoap.org/wsdl" xmlns:wsoap12="http://schemas.xmlsoap.org/wsdl/soap12" xmlns:http="http://schemas.xmlsoap.org/wsdl/http" xmlns:d="http://schemas.xmlsoap.org/ws/2005/04/discovery" xmlns:wsadis="http://schemas.xmlsoap.org/ws/2004/08/addressing" xmlns:wsnt="http://docs.oasis-open.org/wsn/b-2" xmlns:wsa="http://www.w3.org/2005/08/addressing" xmlns:wstop="http://docs.oasis-open.org/wsn/t-1" xmlns:wsrf-bf="http://docs.oasis-open.org/wsrf/bf-2" xmlns:wsntw="http://docs.oasis-open.org/wsn/bw-2" xmlns:wsrf-rw="http://docs.oasis-open.org/wsrf/rw-2" xmlns:wsaw="http://www.w3.org/2006/05/addressing/wsdl" xmlns:wsrf-r="http://docs.oasis-open.org/wsrf/r-2" xmlns:trc="http://www.onvif.org/ver10/recording/wsdl" xmlns:tse="http://www.onvif.org/ver10/search/wsdl" xmlns:trp="http://www.onvif.org/ver10/replay/wsdl" xmlns:tnsn="http://www.eventextension.com/2011/event/topics" xmlns:extwsd="http://www.onvifext.com/onvif/ext/ver10/wsdl" xmlns:extxsd="http://www.onvifext.com/onvif/ext/ver10/schema" xmlns:tas="http://www.onvif.org/ver10/advancedsecurity/wsdl" xmlns:tr2="http://www.onvif.org/ver20/media/wsdl" xmlns:axt="http://www.onvif.org/ver20/analytics"><env:Body><tds:GetSystemDateAndTimeResponse><tds:SystemDateAndTime><tt:DateTimeType>Manual</tt:DateTimeType>
<tt:DaylightSavings>true</tt:DaylightSavings>
<tt:TimeZone><tt:TZ>EST+5:00:00EDT04:00:00,M3.5.0/01:00:00,M10.5.0/02:00:00</tt:TZ>
</tt:TimeZone>
<tt:UTCDateTime><tt:Time><tt:Hour>11</tt:Hour>
<tt:Minute>42</tt:Minute>
<tt:Second>5</tt:Second>
</tt:Time>
<tt:Date><tt:Year>2022</tt:Year>
<tt:Month>5</tt:Month>
<tt:Day>26</tt:Day>
</tt:Date>
</tt:UTCDateTime>
<tt:LocalDateTime><tt:Time><tt:Hour>10</tt:Hour>
<tt:Minute>42</tt:Minute>
<tt:Second>5</tt:Second>
</tt:Time>
<tt:Date><tt:Year>2022</tt:Year>
<tt:Month>5</tt:Month>
<tt:Day>26</tt:Day>
</tt:Date>
</tt:LocalDateTime>
</tds:SystemDateAndTime>
</tds:GetSystemDateAndTimeResponse>
</env:Body>
</env:Envelope>

2022-05-26 11:44:32.897403  FINEST -  Soap - URI: http://192.168.1.182/onvif/device_service
2022-05-26 11:44:32.897779  FINEST -  Soap - REQUEST:
<?xml version="1.0" encoding="UTF-8"?><Envelope xmlns="http://www.w3.org/2003/05/soap-envelope"><Header><Security xmlns:s="http://www.w3.org/2003/05/soap-envelope" xmlns="http://docs.oasis-open.org/wss/2004/01/oasis-200401-wss-wssecurity-secext-1.0.xsd" s:mustUnderstand="1"><UsernameToken><Username>admin</Username><Password Type="http://docs.oasis-open.org/wss/2004/01/oasis-200401-wss-username-token-profile-1.0#PasswordDigest">Q3XFohzzWN1oiM517bJZVM1eEIs=</Password><Nonce EncodingType="http://docs.oasis-open.org/wss/2004/01/oasis-200401-wss-soap-message-security-1.0#Base64Binary">ZQvHmpAWRKO5OUyjO88xeQ==</Nonce><Created xmlns="http://docs.oasis-open.org/wss/2004/01/oasis-200401-wss-wssecurity-utility-1.0.xsd">2022-05-26T11:42:05.002323Z</Created></UsernameToken></Security></Header><Body xmlns:xsi="http://www.w3.org/2001/XMLSchema-instance" xmlns:xsd="http://www.w3.org/2001/XMLSchema"><GetServices xmlns="http://www.onvif.org/ver10/device/wsdl"><IncludeCapability>false</IncludeCapability></GetServices></Body></Envelope>
2022-05-26 11:44:33.048807  FINEST -  Soap - RESPONSE:
<?xml version="1.0" encoding="UTF-8"?>
<env:Envelope xmlns:env="http://www.w3.org/2003/05/soap-envelope" xmlns:soapenc="http://www.w3.org/2003/05/soap-encoding" xmlns:xsi="http://www.w3.org/2001/XMLSchema-instance" xmlns:xs="http://www.w3.org/2001/XMLSchema" xmlns:tt="http://www.onvif.org/ver10/schema" xmlns:tds="http://www.onvif.org/ver10/device/wsdl" xmlns:trt="http://www.onvif.org/ver10/media/wsdl" xmlns:timg="http://www.onvif.org/ver20/imaging/wsdl" xmlns:tev="http://www.onvif.org/ver10/events/wsdl" xmlns:tptz="http://www.onvif.org/ver20/ptz/wsdl" xmlns:tan="http://www.onvif.org/ver20/analytics/wsdl" xmlns:tst="http://www.onvif.org/ver10/storage/wsdl" xmlns:ter="http://www.onvif.org/ver10/error" xmlns:dn="http://www.onvif.org/ver10/network/wsdl" xmlns:tns1="http://www.onvif.org/ver10/topics" xmlns:tmd="http://www.onvif.org/ver10/deviceIO/wsdl" xmlns:wsdl="http://schemas.xmlsoap.org/wsdl" xmlns:wsoap12="http://schemas.xmlsoap.org/wsdl/soap12" xmlns:http="http://schemas.xmlsoap.org/wsdl/http" xmlns:d="http://schemas.xmlsoap.org/ws/2005/04/discovery" xmlns:wsadis="http://schemas.xmlsoap.org/ws/2004/08/addressing" xmlns:wsnt="http://docs.oasis-open.org/wsn/b-2" xmlns:wsa="http://www.w3.org/2005/08/addressing" xmlns:wstop="http://docs.oasis-open.org/wsn/t-1" xmlns:wsrf-bf="http://docs.oasis-open.org/wsrf/bf-2" xmlns:wsntw="http://docs.oasis-open.org/wsn/bw-2" xmlns:wsrf-rw="http://docs.oasis-open.org/wsrf/rw-2" xmlns:wsaw="http://www.w3.org/2006/05/addressing/wsdl" xmlns:wsrf-r="http://docs.oasis-open.org/wsrf/r-2" xmlns:trc="http://www.onvif.org/ver10/recording/wsdl" xmlns:tse="http://www.onvif.org/ver10/search/wsdl" xmlns:trp="http://www.onvif.org/ver10/replay/wsdl" xmlns:tnsn="http://www.eventextension.com/2011/event/topics" xmlns:extwsd="http://www.onvifext.com/onvif/ext/ver10/wsdl" xmlns:extxsd="http://www.onvifext.com/onvif/ext/ver10/schema" xmlns:tas="http://www.onvif.org/ver10/advancedsecurity/wsdl" xmlns:tr2="http://www.onvif.org/ver20/media/wsdl" xmlns:axt="http://www.onvif.org/ver20/analytics"><env:Body><tds:GetServicesResponse><tds:Service><tds:Namespace>http://www.onvif.org/ver10/device/wsdl</tds:Namespace>
<tds:XAddr>http://192.168.1.182/onvif/device_service</tds:XAddr>
<tds:Version><tt:Major>16</tt:Major>
<tt:Minor>12</tt:Minor>
</tds:Version>
</tds:Service>
<tds:Service><tds:Namespace>http://www.onvif.org/ver10/media/wsdl</tds:Namespace>
<tds:XAddr>http://192.168.1.182/onvif/Media</tds:XAddr>
<tds:Version><tt:Major>2</tt:Major>
<tt:Minor>60</tt:Minor>
</tds:Version>
</tds:Service>
<tds:Service><tds:Namespace>http://www.onvif.org/ver10/events/wsdl</tds:Namespace>
<tds:XAddr>http://192.168.1.182/onvif/Events</tds:XAddr>
<tds:Version><tt:Major>2</tt:Major>
<tt:Minor>60</tt:Minor>
</tds:Version>
</tds:Service>
<tds:Service><tds:Namespace>http://www.onvif.org/ver20/ptz/wsdl</tds:Namespace>
<tds:XAddr>http://192.168.1.182/onvif/PTZ</tds:XAddr>
<tds:Version><tt:Major>16</tt:Major>
<tt:Minor>12</tt:Minor>
</tds:Version>
</tds:Service>
<tds:Service><tds:Namespace>http://www.onvif.org/ver20/imaging/wsdl</tds:Namespace>
<tds:XAddr>http://192.168.1.182/onvif/Imaging</tds:XAddr>
<tds:Version><tt:Major>2</tt:Major>
<tt:Minor>50</tt:Minor>
</tds:Version>
</tds:Service>
<tds:Service><tds:Namespace>http://www.onvif.org/ver10/deviceIO/wsdl</tds:Namespace>
<tds:XAddr>http://192.168.1.182/onvif/DeviceIO</tds:XAddr>
<tds:Version><tt:Major>16</tt:Major>
<tt:Minor>12</tt:Minor>
</tds:Version>
</tds:Service>
<tds:Service><tds:Namespace>http://www.onvif.org/ver20/analytics/wsdl</tds:Namespace>
<tds:XAddr>http://192.168.1.182/onvif/Analytics</tds:XAddr>
<tds:Version><tt:Major>16</tt:Major>
<tt:Minor>12</tt:Minor>
</tds:Version>
</tds:Service>
<tds:Service><tds:Namespace>http://www.onvif.org/ver10/recording/wsdl</tds:Namespace>
<tds:XAddr>http://192.168.1.182/onvif/Recording</tds:XAddr>
<tds:Version><tt:Major>16</tt:Major>
<tt:Minor>12</tt:Minor>
</tds:Version>
</tds:Service>
<tds:Service><tds:Namespace>http://www.onvif.org/ver10/search/wsdl</tds:Namespace>
<tds:XAddr>http://192.168.1.182/onvif/SearchRecording</tds:XAddr>
<tds:Version><tt:Major>2</tt:Major>
<tt:Minor>40</tt:Minor>
</tds:Version>
</tds:Service>
<tds:Service><tds:Namespace>http://www.onvif.org/ver10/replay/wsdl</tds:Namespace>
<tds:XAddr>http://192.168.1.182/onvif/Replay</tds:XAddr>
<tds:Version><tt:Major>2</tt:Major>
<tt:Minor>21</tt:Minor>
</tds:Version>
</tds:Service>
<tds:Service><tds:Namespace>http://www.onvif.org/ver20/media/wsdl</tds:Namespace>
<tds:XAddr>http://192.168.1.182/onvif/Media2</tds:XAddr>
<tds:Version><tt:Major>16</tt:Major>
<tt:Minor>12</tt:Minor>
</tds:Version>
</tds:Service>
</tds:GetServicesResponse>
</env:Body>
</env:Envelope>

2022-05-26 11:44:33.066195    INFO - Onvif - initialization complete
2022-05-26 11:44:33.068759  FINEST -  Soap - URI: http://192.168.1.182/onvif/device_service
2022-05-26 11:44:33.069151  FINEST -  Soap - REQUEST:
<?xml version="1.0" encoding="UTF-8"?><Envelope xmlns="http://www.w3.org/2003/05/soap-envelope"><Header><Security xmlns:s="http://www.w3.org/2003/05/soap-envelope" xmlns="http://docs.oasis-open.org/wss/2004/01/oasis-200401-wss-wssecurity-secext-1.0.xsd" s:mustUnderstand="1"><UsernameToken><Username>admin</Username><Password Type="http://docs.oasis-open.org/wss/2004/01/oasis-200401-wss-username-token-profile-1.0#PasswordDigest">901nn+dzRF5XDWyC+AGg6OcEcrY=</Password><Nonce EncodingType="http://docs.oasis-open.org/wss/2004/01/oasis-200401-wss-soap-message-security-1.0#Base64Binary">hIQZr331yEQf8AjrRyn7bQ==</Nonce><Created xmlns="http://docs.oasis-open.org/wss/2004/01/oasis-200401-wss-wssecurity-utility-1.0.xsd">2022-05-26T11:42:05.182829Z</Created></UsernameToken></Security></Header><Body xmlns:xsi="http://www.w3.org/2001/XMLSchema-instance" xmlns:xsd="http://www.w3.org/2001/XMLSchema"><GetServiceCapabilities xmlns="http://www.onvif.org/ver10/device/wsdl"/></Body></Envelope>
2022-05-26 11:44:33.217310  FINEST -  Soap - RESPONSE:
<?xml version="1.0" encoding="UTF-8"?>
<env:Envelope xmlns:env="http://www.w3.org/2003/05/soap-envelope" xmlns:soapenc="http://www.w3.org/2003/05/soap-encoding" xmlns:xsi="http://www.w3.org/2001/XMLSchema-instance" xmlns:xs="http://www.w3.org/2001/XMLSchema" xmlns:tt="http://www.onvif.org/ver10/schema" xmlns:tds="http://www.onvif.org/ver10/device/wsdl" xmlns:trt="http://www.onvif.org/ver10/media/wsdl" xmlns:timg="http://www.onvif.org/ver20/imaging/wsdl" xmlns:tev="http://www.onvif.org/ver10/events/wsdl" xmlns:tptz="http://www.onvif.org/ver20/ptz/wsdl" xmlns:tan="http://www.onvif.org/ver20/analytics/wsdl" xmlns:tst="http://www.onvif.org/ver10/storage/wsdl" xmlns:ter="http://www.onvif.org/ver10/error" xmlns:dn="http://www.onvif.org/ver10/network/wsdl" xmlns:tns1="http://www.onvif.org/ver10/topics" xmlns:tmd="http://www.onvif.org/ver10/deviceIO/wsdl" xmlns:wsdl="http://schemas.xmlsoap.org/wsdl" xmlns:wsoap12="http://schemas.xmlsoap.org/wsdl/soap12" xmlns:http="http://schemas.xmlsoap.org/wsdl/http" xmlns:d="http://schemas.xmlsoap.org/ws/2005/04/discovery" xmlns:wsadis="http://schemas.xmlsoap.org/ws/2004/08/addressing" xmlns:wsnt="http://docs.oasis-open.org/wsn/b-2" xmlns:wsa="http://www.w3.org/2005/08/addressing" xmlns:wstop="http://docs.oasis-open.org/wsn/t-1" xmlns:wsrf-bf="http://docs.oasis-open.org/wsrf/bf-2" xmlns:wsntw="http://docs.oasis-open.org/wsn/bw-2" xmlns:wsrf-rw="http://docs.oasis-open.org/wsrf/rw-2" xmlns:wsaw="http://www.w3.org/2006/05/addressing/wsdl" xmlns:wsrf-r="http://docs.oasis-open.org/wsrf/r-2" xmlns:trc="http://www.onvif.org/ver10/recording/wsdl" xmlns:tse="http://www.onvif.org/ver10/search/wsdl" xmlns:trp="http://www.onvif.org/ver10/replay/wsdl" xmlns:tnsn="http://www.eventextension.com/2011/event/topics" xmlns:extwsd="http://www.onvifext.com/onvif/ext/ver10/wsdl" xmlns:extxsd="http://www.onvifext.com/onvif/ext/ver10/schema" xmlns:tas="http://www.onvif.org/ver10/advancedsecurity/wsdl" xmlns:tr2="http://www.onvif.org/ver20/media/wsdl" xmlns:axt="http://www.onvif.org/ver20/analytics"><env:Body><tds:GetServiceCapabilitiesResponse><tds:Capabilities><tds:Network IPFilter="true" ZeroConfiguration="true" IPVersion6="true" DynDNS="true" Dot11Configuration="false" Dot1XConfigurations="0" HostnameFromDHCP="true" NTP="1" DHCPv6="true"></tds:Network>
<tds:Security TLS1.0="true" TLS1.1="true" TLS1.2="true" OnboardKeyGeneration="false" AccessPolicyConfig="false" DefaultAccessPolicy="true" Dot1X="false" RemoteUserHandling="false" X.509Token="false" SAMLToken="false" KerberosToken="false" UsernameToken="true" HttpDigest="true" RELToken="false" SupportedEAPMethods="0" MaxUsers="32" MaxUserNameLength="32" MaxPasswordLength="16"></tds:Security>
<tds:System DiscoveryResolve="false" DiscoveryBye="true" RemoteDiscovery="false" SystemBackup="false" SystemLogging="true" FirmwareUpgrade="true" HttpFirmwareUpgrade="true" HttpSystemBackup="false" HttpSystemLogging="false" HttpSupportInformation="false" StorageConfiguration="true" MaxStorageConfigurations="8"></tds:System>
</tds:Capabilities>
</tds:GetServiceCapabilitiesResponse>
</env:Body>
</env:Envelope>

